[0m14:28:28.571891 [debug] [MainThread]: Sending event: {'category': 'dbt', 'action': 'invocation', 'label': 'start', 'context': [<snowplow_tracker.self_describing_json.SelfDescribingJson object at 0x000002124FCD22A0>, <snowplow_tracker.self_describing_json.SelfDescribingJson object at 0x000002124C5C5D60>, <snowplow_tracker.self_describing_json.SelfDescribingJson object at 0x000002124F8B9430>]}


============================== 14:28:28.637596 | 60514b38-fb23-4501-a390-b18118accc91 ==============================
[0m14:28:28.637596 [info ] [MainThread]: Running with dbt=1.11.8
[0m14:28:28.645446 [debug] [MainThread]: running dbt with arguments {'static_parser': 'True', 'no_print': 'None', 'version_check': 'True', 'warn_error_options': 'WarnErrorOptionsV2(error=[], warn=[], silence=[])', 'target_path': 'None', 'printer_width': '80', 'write_json': 'True', 'empty': 'None', 'log_cache_events': 'False', 'introspect': 'True', 'cache_selected_only': 'False', 'fail_fast': 'False', 'debug': 'False', 'log_format': 'default', 'profiles_dir': 'C:\\Users\\kdeep\\.dbt', 'send_anonymous_usage_stats': 'True', 'quiet': 'False', 'warn_error': 'None', 'partial_parse': 'True', 'use_colors': 'True', 'invocation_command': 'dbt init', 'indirect_selection': 'eager', 'use_experimental_parser': 'False', 'log_path': 'logs'}
[0m14:28:29.017243 [info ] [MainThread]: Creating dbt configuration folder at C:\Users\kdeep\.dbt
[0m14:28:47.740231 [debug] [MainThread]: Sending event: {'category': 'dbt', 'action': 'invocation', 'label': 'start', 'context': [<snowplow_tracker.self_describing_json.SelfDescribingJson object at 0x0000021B4044A4E0>, <snowplow_tracker.self_describing_json.SelfDescribingJson object at 0x0000021B3FFB2780>, <snowplow_tracker.self_describing_json.SelfDescribingJson object at 0x0000021B40081C40>]}


============================== 14:28:47.746803 | e48af7e2-317b-4441-b0d3-d270429b37f3 ==============================
[0m14:28:47.746803 [info ] [MainThread]: Running with dbt=1.11.8
[0m14:28:47.746803 [debug] [MainThread]: running dbt with arguments {'version_check': 'True', 'no_print': 'None', 'static_parser': 'True', 'target_path': 'None', 'warn_error_options': 'WarnErrorOptionsV2(error=[], warn=[], silence=[])', 'printer_width': '80', 'write_json': 'True', 'introspect': 'True', 'log_cache_events': 'False', 'empty': 'None', 'cache_selected_only': 'False', 'fail_fast': 'False', 'debug': 'False', 'log_format': 'default', 'profiles_dir': 'C:\\Users\\kdeep\\.dbt', 'send_anonymous_usage_stats': 'True', 'quiet': 'False', 'warn_error': 'None', 'partial_parse': 'True', 'indirect_selection': 'eager', 'invocation_command': 'dbt init', 'use_colors': 'True', 'use_experimental_parser': 'False', 'log_path': 'logs'}
[0m14:29:45.191634 [debug] [MainThread]: Starter project path: C:\Users\kdeep\Downloads\DEProject\DBT_Project\.venv\Lib\site-packages\dbt\include\starter_project
[0m14:29:45.274025 [info ] [MainThread]: 
Your new dbt project "new_dbt_project" was created!

For more information on how to configure the profiles.yml file,
please consult the dbt documentation here:

  https://docs.getdbt.com/docs/configure-your-profile

One more thing:

Need help? Don't hesitate to reach out to us via GitHub issues or on Slack:

  https://community.getdbt.com/

Happy modeling!

[0m14:29:45.275335 [info ] [MainThread]: Setting up your profile.
[0m14:30:38.457604 [debug] [MainThread]: Spark adapter: Setting pyhive.hive logging to ERROR
[0m14:30:38.458593 [debug] [MainThread]: Spark adapter: Setting thrift.transport logging to ERROR
[0m14:30:38.459584 [debug] [MainThread]: Spark adapter: Setting thrift.protocol logging to ERROR
[0m14:34:50.838916 [info ] [MainThread]: Profile new_dbt_project written to C:\Users\kdeep\.dbt\profiles.yml using target's profile_template.yml and your supplied values. Run 'dbt debug' to validate the connection.
[0m14:34:50.885940 [debug] [MainThread]: Command `dbt init` succeeded at 14:34:50.882425 after 363.28 seconds
[0m14:34:50.891449 [debug] [MainThread]: Sending event: {'category': 'dbt', 'action': 'invocation', 'label': 'end', 'context': [<snowplow_tracker.self_describing_json.SelfDescribingJson object at 0x0000021B3A385A60>, <snowplow_tracker.self_describing_json.SelfDescribingJson object at 0x0000021B4BB31F70>, <snowplow_tracker.self_describing_json.SelfDescribingJson object at 0x0000021B49EDD550>]}
[0m14:34:50.901411 [debug] [MainThread]: Flushing usage events
[0m14:34:51.307314 [debug] [MainThread]: An error was encountered while trying to flush usage events
[0m14:36:37.068922 [debug] [MainThread]: Sending event: {'category': 'dbt', 'action': 'invocation', 'label': 'start', 'context': [<snowplow_tracker.self_describing_json.SelfDescribingJson object at 0x000001BF6D56ECF0>, <snowplow_tracker.self_describing_json.SelfDescribingJson object at 0x000001BF6D01FE90>, <snowplow_tracker.self_describing_json.SelfDescribingJson object at 0x000001BF6D01FD70>]}


============================== 14:36:37.075991 | d4c858b8-4eba-4914-bf83-4c5a752941a0 ==============================
[0m14:36:37.075991 [info ] [MainThread]: Running with dbt=1.11.8
[0m14:36:37.077001 [debug] [MainThread]: running dbt with arguments {'static_parser': 'True', 'no_print': 'None', 'version_check': 'True', 'target_path': 'None', 'warn_error_options': 'WarnErrorOptionsV2(error=[], warn=[], silence=[])', 'printer_width': '80', 'write_json': 'True', 'introspect': 'True', 'log_cache_events': 'False', 'empty': 'None', 'cache_selected_only': 'False', 'fail_fast': 'False', 'debug': 'False', 'log_format': 'default', 'partial_parse': 'True', 'send_anonymous_usage_stats': 'True', 'quiet': 'False', 'warn_error': 'None', 'profiles_dir': 'C:\\Users\\kdeep\\.dbt', 'invocation_command': 'dbt debug', 'indirect_selection': 'eager', 'use_colors': 'True', 'use_experimental_parser': 'False', 'log_path': 'logs'}
[0m14:36:37.189981 [info ] [MainThread]: dbt version: 1.11.8
[0m14:36:37.189981 [info ] [MainThread]: python version: 3.12.9
[0m14:36:37.190988 [info ] [MainThread]: python path: C:\Users\kdeep\Downloads\DEProject\DBT_Project\.venv\Scripts\python.exe
[0m14:36:37.191494 [info ] [MainThread]: os info: Windows-11-10.0.26200-SP0
[0m14:36:38.369018 [debug] [MainThread]: Spark adapter: Setting pyhive.hive logging to ERROR
[0m14:36:38.370018 [debug] [MainThread]: Spark adapter: Setting thrift.transport logging to ERROR
[0m14:36:38.370018 [debug] [MainThread]: Spark adapter: Setting thrift.protocol logging to ERROR
[0m14:36:39.431065 [info ] [MainThread]: Using profiles dir at C:\Users\kdeep\.dbt
[0m14:36:39.432028 [info ] [MainThread]: Using profiles.yml file at C:\Users\kdeep\.dbt\profiles.yml
[0m14:36:39.432028 [info ] [MainThread]: Using dbt_project.yml file at C:\Users\kdeep\Downloads\DEProject\DBT_Project\dbt_project.yml
[0m14:36:39.432028 [info ] [MainThread]: adapter type: databricks
[0m14:36:39.433395 [info ] [MainThread]: adapter version: 1.11.7
[0m14:36:39.433395 [info ] [MainThread]: Configuration:
[0m14:36:39.434392 [info ] [MainThread]:   profiles.yml file [[32mOK found and valid[0m]
[0m14:36:39.434392 [info ] [MainThread]:   dbt_project.yml file [[31mERROR not found[0m]
[0m14:36:39.434392 [info ] [MainThread]: Required dependencies:
[0m14:36:39.435393 [debug] [MainThread]: Executing "git --help"
[0m14:36:39.494853 [debug] [MainThread]: STDOUT: "b"usage: git [-v | --version] [-h | --help] [-C <path>] [-c <name>=<value>]\n           [--exec-path[=<path>]] [--html-path] [--man-path] [--info-path]\n           [-p | --paginate | -P | --no-pager] [--no-replace-objects] [--no-lazy-fetch]\n           [--no-optional-locks] [--no-advice] [--bare] [--git-dir=<path>]\n           [--work-tree=<path>] [--namespace=<name>] [--config-env=<name>=<envvar>]\n           <command> [<args>]\n\nThese are common Git commands used in various situations:\n\nstart a working area (see also: git help tutorial)\n   clone      Clone a repository into a new directory\n   init       Create an empty Git repository or reinitialize an existing one\n\nwork on the current change (see also: git help everyday)\n   add        Add file contents to the index\n   mv         Move or rename a file, a directory, or a symlink\n   restore    Restore working tree files\n   rm         Remove files from the working tree and from the index\n\nexamine the history and state (see also: git help revisions)\n   bisect     Use binary search to find the commit that introduced a bug\n   diff       Show changes between commits, commit and working tree, etc\n   grep       Print lines matching a pattern\n   log        Show commit logs\n   show       Show various types of objects\n   status     Show the working tree status\n\ngrow, mark and tweak your common history\n   backfill   Download missing objects in a partial clone\n   branch     List, create, or delete branches\n   commit     Record changes to the repository\n   merge      Join two or more development histories together\n   rebase     Reapply commits on top of another base tip\n   reset      Reset current HEAD to the specified state\n   switch     Switch branches\n   tag        Create, list, delete or verify a tag object signed with GPG\n\ncollaborate (see also: git help workflows)\n   fetch      Download objects and refs from another repository\n   pull       Fetch from and integrate with another repository or a local branch\n   push       Update remote refs along with associated objects\n\n'git help -a' and 'git help -g' list available subcommands and some\nconcept guides. See 'git help <command>' or 'git help <concept>'\nto read about a specific subcommand or concept.\nSee 'git help git' for an overview of the system.\n""
[0m14:36:39.495853 [debug] [MainThread]: STDERR: "b''"
[0m14:36:39.496852 [info ] [MainThread]:  - git [[32mOK found[0m]

[0m14:36:39.496852 [info ] [MainThread]: Connection:
[0m14:36:39.496852 [info ] [MainThread]:   host: dbc-434ee770-dc97.cloud.databricks.com
[0m14:36:39.498360 [info ] [MainThread]:   http_path: /sql/1.0/warehouses/b60e2c09d4649311
[0m14:36:39.498360 [info ] [MainThread]:   catalog: dbtproject
[0m14:36:39.498360 [info ] [MainThread]:   schema: source
[0m14:36:39.499886 [info ] [MainThread]: Registered adapter: databricks=1.11.7
[0m14:36:40.123999 [warn ] [MainThread]: [[33mWARNING[0m]: Use managed Iceberg tables when table_format is iceberg. When this flag is disabled, UniForm is used instead.
You may opt into the new behavior sooner by setting `flags.use_managed_iceberg` to `True` in `dbt_project.yml`.
Visit https://docs.getdbt.com/reference/global-configs/behavior-changes for more information.
[0m14:36:40.124999 [debug] [MainThread]: Sending event: {'category': 'dbt', 'action': 'BehaviorChangeEvent', 'label': 'd4c858b8-4eba-4914-bf83-4c5a752941a0', 'context': [<snowplow_tracker.self_describing_json.SelfDescribingJson object at 0x000001BF78C17530>]}
[0m14:36:40.126507 [debug] [MainThread]: Databricks adapter: DatabricksDBTConnection(session-id=None, name=debug) - Creating connection
[0m14:36:40.126507 [debug] [MainThread]: Acquiring new databricks connection 'debug'
[0m14:36:40.127515 [debug] [MainThread]: Using databricks connection "debug"
[0m14:36:40.127515 [debug] [MainThread]: On debug: select 1 as id
[0m14:36:40.127515 [debug] [MainThread]: Opening a new connection, currently in state init
[0m14:36:40.491593 [debug] [MainThread]: Databricks adapter: Connection(session-id=01f144c3-86f9-190e-b300-19ed05339942) - Created
[0m14:36:42.378025 [debug] [MainThread]: SQL status: OK in 2.250 seconds
[0m14:36:42.379026 [debug] [MainThread]: Databricks adapter: Cursor(session-id=01f144c3-86f9-190e-b300-19ed05339942, command-id=01f144c3-8704-14de-96b8-0bff5bcc39ee) - Closing
[0m14:36:42.380029 [debug] [MainThread]: On debug: Close
[0m14:36:42.380029 [debug] [MainThread]: Databricks adapter: Connection(session-id=01f144c3-86f9-190e-b300-19ed05339942) - Closing
[0m14:36:42.475998 [info ] [MainThread]:   Connection test: [[32mOK connection ok[0m]

[0m14:36:42.476994 [info ] [MainThread]: [31m1 check failed:[0m
[0m14:36:42.476994 [info ] [MainThread]: Project loading failed for the following reason:
 project path <C:\Users\kdeep\Downloads\DEProject\DBT_Project\dbt_project.yml> not found

[0m14:36:42.477994 [debug] [MainThread]: Command `dbt debug` failed at 14:36:42.477994 after 5.71 seconds
[0m14:36:42.478997 [debug] [MainThread]: Sending event: {'category': 'dbt', 'action': 'invocation', 'label': 'end', 'context': [<snowplow_tracker.self_describing_json.SelfDescribingJson object at 0x000001BF6C6353A0>, <snowplow_tracker.self_describing_json.SelfDescribingJson object at 0x000001BF6DC3A900>, <snowplow_tracker.self_describing_json.SelfDescribingJson object at 0x000001BF6DC397C0>]}
[0m14:36:42.478997 [debug] [MainThread]: Flushing usage events
[0m14:36:42.801859 [debug] [MainThread]: An error was encountered while trying to flush usage events
[0m11:04:20.251327 [debug] [MainThread]: Sending event: {'category': 'dbt', 'action': 'invocation', 'label': 'start', 'context': [<snowplow_tracker.self_describing_json.SelfDescribingJson object at 0x000001A5EAD75A60>, <snowplow_tracker.self_describing_json.SelfDescribingJson object at 0x000001A5ECFE3560>, <snowplow_tracker.self_describing_json.SelfDescribingJson object at 0x000001A5ED7EF320>]}


============================== 11:04:20.255846 | b159a444-763b-4921-b925-c4fd5750a068 ==============================
[0m11:04:20.255846 [info ] [MainThread]: Running with dbt=1.11.8
[0m11:04:20.257084 [debug] [MainThread]: running dbt with arguments {'static_parser': 'True', 'no_print': 'None', 'version_check': 'True', 'warn_error_options': 'WarnErrorOptionsV2(error=[], warn=[], silence=[])', 'target_path': 'None', 'printer_width': '80', 'write_json': 'True', 'empty': 'None', 'log_cache_events': 'False', 'introspect': 'True', 'cache_selected_only': 'False', 'log_format': 'default', 'debug': 'False', 'fail_fast': 'False', 'profiles_dir': 'C:\\Users\\kdeep\\.dbt', 'send_anonymous_usage_stats': 'True', 'quiet': 'False', 'warn_error': 'None', 'partial_parse': 'True', 'indirect_selection': 'eager', 'invocation_command': 'dbt test', 'use_colors': 'True', 'use_experimental_parser': 'False', 'log_path': 'logs'}
[0m11:04:20.257084 [error] [MainThread]: Encountered an error:
Runtime Error
  No dbt_project.yml found at expected path C:\Users\kdeep\Downloads\DEProject\DBT_Project\dbt_project.yml
  Verify that each entry within packages.yml (and their transitive dependencies) contains a file named dbt_project.yml
  
[0m11:04:20.259157 [debug] [MainThread]: Command `dbt test` failed at 11:04:20.258084 after 0.17 seconds
[0m11:04:20.259157 [debug] [MainThread]: Sending event: {'category': 'dbt', 'action': 'invocation', 'label': 'end', 'context': [<snowplow_tracker.self_describing_json.SelfDescribingJson object at 0x000001A5EF3E9700>, <snowplow_tracker.self_describing_json.SelfDescribingJson object at 0x000001A5EAD75A60>, <snowplow_tracker.self_describing_json.SelfDescribingJson object at 0x000001A5EDD27470>]}
[0m11:04:20.260093 [debug] [MainThread]: Flushing usage events
[0m11:04:20.618903 [debug] [MainThread]: An error was encountered while trying to flush usage events
